[29Mar2026 21:44:56.097] [main/INFO] [FabricLoader/GameProvider/]: Loading Minecraft 1.21.1 Arclight arclight-1.21.1-1.0.1-8ec9529 with Fabric Loader 0.16.14
mainEx[29Mar2026 21:44:56.314] [main/INFO] [FabricLoader/]: Loading 47 mods:
	- arclight 1.0.1+8ec9529
	   \-- fabric-permissions-api-v0 0.3.1
	- fabric-api 0.116.9+1.21.1
	   |-- fabric-api-base 0.4.42+6573ed8c19
	   |-- fabric-api-lookup-api-v1 1.6.72+7b3d111d19
	   |-- fabric-biome-api-v1 13.0.31+d527f9fd19
	   |-- fabric-block-api-v1 1.1.0+0bc3503219
	   |-- fabric-block-view-api-v2 1.0.11+ebb2264e19
	   |-- fabric-blockrenderlayer-v1 1.1.52+0af3f5a719
	   |-- fabric-client-tags-api-v1 1.1.15+6573ed8c19
	   |-- fabric-command-api-v1 1.2.49+f71b366f19
	   |-- fabric-command-api-v2 2.2.28+6ced4dd919
	   |-- fabric-commands-v0 0.2.66+df3654b319
	   |-- fabric-content-registries-v0 8.0.19+b559734419
	   |-- fabric-convention-tags-v1 2.1.6+7f945d5b19
	   |-- fabric-convention-tags-v2 2.11.2+fa89716719
	   |-- fabric-crash-report-info-v1 0.2.29+0af3f5a719
	   |-- fabric-data-attachment-api-v1 1.4.6+5b36e0f719
	   |-- fabric-data-generation-api-v1 20.2.35+37516cd619
	   |-- fabric-dimensions-v1 4.0.1+65213ef819
	   |-- fabric-entity-events-v1 1.8.0+2b27e0a419
	   |-- fabric-events-interaction-v0 0.7.13+ba9dae0619
	   |-- fabric-game-rule-api-v1 1.0.53+6ced4dd919
	   |-- fabric-item-api-v1 11.2.0+3b3cb2e819
	   |-- fabric-item-group-api-v1 4.1.7+def88e3a19
	   |-- fabric-key-binding-api-v1 1.0.47+0af3f5a719
	   |-- fabric-keybindings-v0 0.2.45+df3654b319
	   |-- fabric-lifecycle-events-v1 2.6.0+0865547519
	   |-- fabric-loot-api-v2 3.0.15+3f89f5a519
	   |-- fabric-loot-api-v3 1.0.3+3f89f5a519
	   |-- fabric-message-api-v1 6.0.14+8aaf3aca19
	   |-- fabric-model-loading-api-v1 2.1.0+b4d813fc19
	   |-- fabric-networking-api-v1 4.3.0+c7469b2119
	   |-- fabric-object-builder-api-v1 15.2.1+40875a9319
	   |-- fabric-particles-v1 4.0.2+6573ed8c19
	   |-- fabric-recipe-api-v1 5.0.15+2475392c19
	   |-- fabric-registry-sync-v0 5.3.1+e3eddc2119
	   |-- fabric-renderer-api-v1 3.4.1+b4d813fc19
	   |-- fabric-renderer-indigo 1.7.1+c705a49c19
	   |-- fabric-renderer-registries-v1 3.2.69+df3654b319
	   |-- fabric-rendering-data-attachment-v1 0.3.49+73761d2e19
	   |-- fabric-rendering-fluids-v1 3.1.6+1daea21519
	   |-- fabric-rendering-v0 1.1.72+df3654b319
	   |-- fabric-rendering-v1 5.1.0+ab4c25a019
	   |-- fabric-resource-conditions-api-v1 4.3.0+8dc279b119
	   |-- fabric-resource-loader-v0 1.3.1+5b5275af19
	   |-- fabric-screen-api-v1 2.0.25+8b68f1c719
	   |-- fabric-screen-handler-api-v1 1.3.90+b559734419
	   |-- fabric-sound-api-v1 1.0.23+6573ed8c19
	   |-- fabric-transfer-api-v1 5.4.4+7b3d111d19
	   \-- fabric-transitive-access-wideners-v1 6.2.0+45b9699719
	- fabricloader 0.16.14
	   \-- mixinextras 0.4.1
	- ferritecore 7.0.3
	- java 21
	- lithium 0.15.3+mc1.21.1
	- minecraft 1.21.1
	- voicechat 1.21.1-2.6.14
	   |-- fabric-key-binding-api-v1 1.0.47+0af3f5a76a
	   \-- voicechat_api 2.6.13
mainEx[29Mar2026 21:44:56.413] [main/INFO] [FabricLoader/Mixin/]: SpongePowered MIXIN Subsystem Version=0.8.7 Source=file:/workspaces/laughing-spoon/servidor_minecraft/libraries/net/fabricmc/sponge-mixin/0.15.5+mixin.0.8.7/sponge-mixin-0.15.5+mixin.0.8.7.jar Service=Knot/Fabric Env=SERVER
mainEx[29Mar2026 21:44:56.483] [main/INFO] [FabricLoader/Mixin/]: Compatibility level set to JAVA_21
mainEx[29Mar2026 21:44:56.998] [main/INFO] [Arclight/]: Using locale en_ and fallback locale en_us
mainEx[29Mar2026 21:44:57.005] [main/INFO] [Arclight/]: 

       ___           ___     __   /\
      /   | ________/ (_)__ / /  / /
     / /| |/ __/ __/ / / _ / _ \/__/
    / ___ / / / /_/ / / / / // / /
   /_/  |/_/  \__/_/_/\_ /_//_/ /
                     /__/     \/

    Version 诸王 (Feudal Kings) / arclight-1.21.1-1.0.1-8ec9529
    Build Date 2025-07-16 16:24:32

mainEx[29Mar2026 21:44:57.198] [main/INFO] [LithiumConfig/]: Option 'mixin.entity.collisions.fluid' requires 'mixin.util.block_tracking=true' but found 'false'. Setting 'mixin.entity.collisions.fluid=false'.
mainEx[29Mar2026 21:44:57.200] [main/INFO] [LithiumConfig/]: Option 'mixin.experimental.entity.block_caching.block_support' requires 'mixin.util.block_tracking=true' but found 'false'. Setting 'mixin.experimental.entity.block_caching.block_support=false'.
mainEx[29Mar2026 21:44:57.200] [main/INFO] [LithiumConfig/]: Option 'mixin.experimental.entity.block_caching.fluid_pushing' requires 'mixin.util.block_tracking=true' but found 'false'. Setting 'mixin.experimental.entity.block_caching.fluid_pushing=false'.
mainEx[29Mar2026 21:44:57.200] [main/INFO] [LithiumConfig/]: Option 'mixin.experimental.entity.block_caching.block_touching' requires 'mixin.util.block_tracking=true' but found 'false'. Setting 'mixin.experimental.entity.block_caching.block_touching=false'.
mainEx[29Mar2026 21:44:57.201] [main/INFO] [LithiumConfig/]: Option 'mixin.experimental.entity.block_caching.suffocation' requires 'mixin.util.block_tracking=true' but found 'false'. Setting 'mixin.experimental.entity.block_caching.suffocation=false'.
mainEx[29Mar2026 21:44:57.201] [main/INFO] [LithiumConfig/]: Option 'mixin.experimental.entity.block_caching' requires 'mixin.util.block_tracking=true' but found 'false'. Setting 'mixin.experimental.entity.block_caching=false'.
mainEx[29Mar2026 21:44:57.205] [main/INFO] [Lithium/]: Loaded configuration file for Lithium: 150 options available, 0 override(s) found
mainEx[29Mar2026 21:44:58.767] [main/INFO] [FabricLoader/MixinExtras|Service/]: Initializing MixinExtras via com.llamalad7.mixinextras.service.MixinExtrasServiceImpl(version=0.4.1).
mainEx[29Mar2026 21:45:00.992] [main/WARN] [FabricLoader/Mixin/]: Method overwrite conflict for method_5736 in lithium.mixins.json:alloc.deep_passengers.EntityMixin from mod lithium, previously written by io.izzel.arclight.common.mixin.optimization.general.EntityMixin_Optimize. Skipping method.
mainEx[29Mar2026 21:45:09.680] [main/INFO] [voicechat/]: [voicechat] Compatibility version 20
mainEx[29Mar2026 21:45:09.720] [main/INFO] [voicechat/]: [voicechat] Loading plugins
mainEx[29Mar2026 21:45:09.721] [main/INFO] [voicechat/]: [voicechat] Loaded 0 plugin(s)
mainEx[29Mar2026 21:45:09.721] [main/INFO] [voicechat/]: [voicechat] Initializing plugins
mainEx[29Mar2026 21:45:09.721] [main/INFO] [voicechat/]: [voicechat] Initialized 0 plugin(s)
mainEx[29Mar2026 21:45:09.845] [main/INFO] [com.mojang.authlib.yggdrasil.YggdrasilAuthenticationService/]: Environment: Environment[sessionHost=https://sessionserver.mojang.com, servicesHost=https://api.minecraftservices.com, name=PROD]
mainEx[29Mar2026 21:45:11.843] [main/INFO] [net.minecraft.class_1863/]: Loaded 1290 recipes
mainEx[29Mar2026 21:45:12.109] [main/INFO] [net.minecraft.class_163/]: Loaded 1399 advancements
mainEx[29Mar2026 21:45:12.705] [main/INFO] [net.fabricmc.fabric.impl.biome.modification.BiomeModificationImpl/]: Applied 0 biome modifications to 0 of 64 new biomes in 1.479 ms
mainEx[29Mar2026 21:45:12.711] [Server thread/INFO] [net.minecraft.class_3176/]: Starting minecraft server version 1.21.1
Server threadEx[29Mar2026 21:45:12.711] [Server thread/INFO] [net.minecraft.class_3176/]: Loading properties
Server threadEx[29Mar2026 21:45:12.711] [Server thread/INFO] [net.minecraft.class_3176/]: Default game type: SURVIVAL
Server threadEx[29Mar2026 21:45:12.712] [Server thread/INFO] [net.minecraft.server.MinecraftServer/]: Generating keypair
Server threadEx[29Mar2026 21:45:12.882] [Server thread/INFO] [net.minecraft.class_3176/]: Starting Minecraft server on *:25565
Server threadEx[29Mar2026 21:45:12.979] [Server thread/INFO] [net.minecraft.class_3242/]: Using epoll channel type
Server threadEx[29Mar2026 21:45:13.078] [Server thread/WARN] [net.minecraft.class_3176/]: **** FAILED TO BIND TO PORT!
Server threadEx[29Mar2026 21:45:13.079] [Server thread/WARN] [net.minecraft.class_3176/]: The exception was: io.netty.channel.unix.Errors$NativeIoException: bind(..) failed: Address already in use
Server threadEx[29Mar2026 21:45:13.079] [Server thread/WARN] [net.minecraft.class_3176/]: Perhaps a server is already running on that port?
Server threadEx[29Mar2026 21:45:13.079] [Server thread/ERROR] [net.minecraft.server.MinecraftServer/]: Encountered an unexpected exception
Server threadEx java.lang.IllegalStateException: Failed to initialize server
	at knot/net.minecraft.server.MinecraftServer.method_29741(MinecraftServerMixin.java:716) ~[server-intermediary.jar:?]
	at knot/net.minecraft.server.MinecraftServer.method_29739(MinecraftServerMixin.java:281) ~[server-intermediary.jar:?]
	at java.base/java.lang.Thread.run(Thread.java:1583) [?:?]
[29Mar2026 21:45:13.132] [Server thread/ERROR] [net.minecraft.server.MinecraftServer/]: This crash report has been saved to: /workspaces/laughing-spoon/servidor_minecraft/crash-reports/crash-2026-03-29_21.45.13-server.txt
Server threadEx[29Mar2026 21:45:13.132] [Server thread/INFO] [net.minecraft.server.MinecraftServer/]: Stopping server
Server threadEx[29Mar2026 21:45:13.132] [Server thread/INFO] [net.minecraft.server.MinecraftServer/]: Saving worlds
Server threadEx